error: methods are not ordered correctly: `Public(foo)` declared after `Private(fo)`
  --> $DIR/main.rs:9:5
   |
LL |     pub fn foo(&self) {}
   |     ^^^^^^^^^^^^^^^^^^^^
   |
   = help: reorder functions to be constructors, public, private
   = note: `-D funcorder-rs` implied by `-D warnings`
   = help: to override `-D warnings` add `#[allow(funcorder_rs)]`

error: methods are not ordered correctly: `Constructor(my_constructor)` declared after `Public(foo)`
  --> $DIR/main.rs:12:5
   |
LL | /     pub fn my_constructor() -> Self {
LL | |         //~^ funcorder_rs
LL | |         A
LL | |     }
   | |_____^
   |
   = help: reorder functions to be constructors, public, private

error: methods are not ordered correctly: `Constructor(maybe_constructor)` declared after `Public(foo)`
  --> $DIR/main.rs:33:5
   |
LL | /     pub fn maybe_constructor() -> Option<Self> {
LL | |         //~^ funcorder_rs
LL | |         Option::Some(C)
LL | |     }
   | |_____^
   |
   = help: reorder functions to be constructors, public, private

error: aborting due to 3 previous errors

